1535864888544:add
1535864961605:hi
1535864963075:help
1535864969821:exit
1535865343784:add -a=1
1535865348287:add --a=1
1535865352975:add --Da=1
1535865455259:exit
1535865501040:help --command
1535865508169:help -C
1535865514113:help
1535865518664:commands
1535865526504:clear
1535865552855:help --command helpMeOut
1535865706618:exit
1535865740562:add 1 2
1535865766808:xit
1535865767800:exit
1535865870941:help
1535865874260:add 1 2
1535865880770:exit
1535866681127:help
1535866694830:exit
1535866797763:help
1535866800614:exit
1535866870888:help
1535866876668:exit
1535866915510:help
1535866918674:exit
